<?xml version="1.0" encoding="UTF-8"?>
<!-- Generated by org.testng.reporters.JUnitReportReporter -->
<testsuite hostname="Tanu" failures="0" tests="1" name="com.infy.testcases.Testcase_001_LoginTest" time="41.466" errors="0" timestamp="2025-05-11T19:25:03 IST" skipped="0">
  <testcase classname="com.infy.testcases.Testcase_001_LoginTest" name="loginWithValidCredentials" time="41.466"/>
</testsuite> <!-- com.infy.testcases.Testcase_001_LoginTest -->
