<?xml version="1.0" encoding="UTF-8"?>
<!-- Generated by org.testng.reporters.JUnitReportReporter -->
<testsuite hostname="Tanu" failures="0" tests="1" name="com.infy.testcases.Testcase_001_LoginTest" time="12.982" errors="0" timestamp="2025-05-02T14:15:47 IST" skipped="0">
  <testcase classname="com.infy.testcases.Testcase_001_LoginTest" name="loginWithValidCredentials" time="12.982"/>
</testsuite> <!-- com.infy.testcases.Testcase_001_LoginTest -->
